This is pdfTeX, Version 3.14159265-2.6-1.40.21 (TeX Live 2020/Debian) (preloaded format=latex 2022.1.17)  23 JAN 2022 00:11
entering extended mode
 restricted \write18 enabled.
 %&-line parsing enabled.
**media/Tex/e17879c55e83f867.tex
(./media/Tex/e17879c55e83f867.tex
LaTeX2e <2020-10-01> patch level 4
L3 programming layer <2021-01-09> xparse <2020-03-03>

! LaTeX Error: File `standalone.cls' not found.

Type X to quit or <RETURN> to proceed,
or enter new name. (Default extension: cls)

Enter file name: 
! Emergency stop.
<read *> 
         
l.2 ^^M
        
Here is how much of TeX's memory you used:
 22 strings out of 481253
 528 string characters out of 5915914
 266120 words of memory out of 5000000
 17059 multiletter control sequences out of 15000+600000
 403430 words of font info for 27 fonts, out of 8000000 for 9000
 14 hyphenation exceptions out of 8191
 32i,0n,39p,97b,13s stack positions out of 5000i,500n,10000p,200000b,80000s

No pages of output.
